Using pre-set license
Built from '2020.3/staging' branch; Version is '2020.3.0f1 (c7b5465681fb) revision 13088070'; Using compiler version '192528614'; Build Type 'Release'
OS: 'Windows 10 Home; OS build 19041.867; Version 2004; 64bit' Language: 'en' Physical Memory: 32646 MB
BatchMode: 1, IsHumanControllingUs: 0, StartBugReporterOnCrash: 0, Is64bit: 1, IsPro: 0

 COMMAND LINE ARGUMENTS:
D:\Unity Engines\2020.3.0f1\Editor\Unity.exe
-adb2
-batchMode
-noUpm
-name
AssetImportWorker0
-projectPath
C:/Users/ec17k/Downloads/GAME3033_Lab11_Kravchenko_Ivan
-logFile
Logs/AssetImportWorker0.log
-srvPort
59327
Successfully changed project path to: C:/Users/ec17k/Downloads/GAME3033_Lab11_Kravchenko_Ivan
C:/Users/ec17k/Downloads/GAME3033_Lab11_Kravchenko_Ivan
Using Asset Import Pipeline V2.
Refreshing native plugins compatible for Editor in 71.62 ms, found 0 plugins.
Preloading 0 native plugins for Editor in 0.00 ms.
Initialize engine version: 2020.3.0f1 (c7b5465681fb)
[Subsystems] Discovering subsystems at path D:/Unity Engines/2020.3.0f1/Editor/Data/Resources/UnitySubsystems
[Subsystems] Discovering subsystems at path C:/Users/ec17k/Downloads/GAME3033_Lab11_Kravchenko_Ivan/Assets
GfxDevice: creating device client; threaded=0
Direct3D:
    Version:  Direct3D 11.0 [level 11.1]
    Renderer: Radeon Pro 570X (ID=0x67df)
    Vendor:   
    VRAM:     4076 MB
    Driver:   25.20.15024.4
Initialize mono
Mono path[0] = 'D:/Unity Engines/2020.3.0f1/Editor/Data/Managed'
Mono path[1] = 'D:/Unity Engines/2020.3.0f1/Editor/Data/MonoBleedingEdge/lib/mono/unityjit'
Mono config path = 'D:/Unity Engines/2020.3.0f1/Editor/Data/MonoBleedingEdge/etc'
Using monoOptions --debugger-agent=transport=dt_socket,embedding=1,server=y,suspend=n,address=127.0.0.1:56892
Begin MonoManager ReloadAssembly
Registering precompiled unity dll's ...
Register platform support module: D:/Unity Engines/2020.3.0f1/Editor/Data/PlaybackEngines/MacStandaloneSupport/UnityEditor.OSXStandalone.Extensions.dll
Register platform support module: D:/Unity Engines/2020.3.0f1/Editor/Data/PlaybackEngines/WindowsStandaloneSupport/UnityEditor.WindowsStandalone.Extensions.dll
Registered in 0.001859 seconds.
Native extension for WindowsStandalone target not found
Native extension for OSXStandalone target not found
Refreshing native plugins compatible for Editor in 72.91 ms, found 0 plugins.
Preloading 0 native plugins for Editor in 0.00 ms.
Invoked RoslynAnalysisRunner static constructor.
RoslynAnalysisRunner will not be running.
RoslynAnalysisRunner has terminated.
Mono: successfully reloaded assembly
- Completed reload, in  1.067 seconds
Platform modules already initialized, skipping
Registering precompiled user dll's ...
Registered in 0.001104 seconds.
Begin MonoManager ReloadAssembly
Native extension for WindowsStandalone target not found
Native extension for OSXStandalone target not found
Refreshing native plugins compatible for Editor in 135.76 ms, found 0 plugins.
Preloading 0 native plugins for Editor in 0.00 ms.
Invoked RoslynAnalysisRunner static constructor.
RoslynAnalysisRunner will not be running.
RoslynAnalysisRunner has terminated.
Mono: successfully reloaded assembly
- Completed reload, in  1.063 seconds
Platform modules already initialized, skipping
========================================================================
Worker process is ready to serve import requests
Launched and connected shader compiler UnityShaderCompiler.exe after 0.04 seconds
Refreshing native plugins compatible for Editor in 0.75 ms, found 0 plugins.
Preloading 0 native plugins for Editor in 0.00 ms.
Unloading 1973 Unused Serialized files (Serialized files now loaded: 0)
System memory in use before: 94.4 MB.
System memory in use after: 94.5 MB.

Unloading 13 unused Assets to reduce memory usage. Loaded Objects now: 2419.
Total: 2.209000 ms (FindLiveObjects: 0.212000 ms CreateObjectMapping: 0.130300 ms MarkObjects: 1.770200 ms  DeleteObjects: 0.095500 ms)

========================================================================
Received Import Request.
  path: Assets/New Terrain.asset
  artifactKey: Guid(399cac6a8e1b0a942bdd8ef7b6c67bd4) Importer(815301076,1909f56bfc062723c751e8b465ee728b)
Start importing Assets/New Terrain.asset using Guid(399cac6a8e1b0a942bdd8ef7b6c67bd4) Importer(815301076,1909f56bfc062723c751e8b465ee728b)  -> (artifact id: '06716819b95ea4b28f9aef7caec43618') in 0.081267 seconds
  Import took 0.084439 seconds .

========================================================================
Received Import Request.
  Time since last request: 273.933143 seconds.
  path: Assets/Scenes/Environment.unity
  artifactKey: Guid(9bc185134d948894b90e0b6b2f811809) Importer(815301076,1909f56bfc062723c751e8b465ee728b)
Start importing Assets/Scenes/Environment.unity using Guid(9bc185134d948894b90e0b6b2f811809) Importer(815301076,1909f56bfc062723c751e8b465ee728b)  -> (artifact id: '30303e6df8441fe657eb4715d6e43d2c') in 0.006049 seconds
  Import took 0.009588 seconds .

========================================================================
Received Import Request.
  Time since last request: 1.471217 seconds.
  path: Assets/Scenes/Demo_City_Playable.unity
  artifactKey: Guid(1ab4e092ef6da5d4eb34f64b7f3936c8) Importer(815301076,1909f56bfc062723c751e8b465ee728b)
Start importing Assets/Scenes/Demo_City_Playable.unity using Guid(1ab4e092ef6da5d4eb34f64b7f3936c8) Importer(815301076,1909f56bfc062723c751e8b465ee728b)  -> (artifact id: '3b4bc0148d461cea34a6d8f35be62861') in 0.006483 seconds
  Import took 0.010272 seconds .

AssetImportWorkerClient::OnTransportError - code=2 error=End of file
